<?xml version="1.0" encoding="UTF-8"?>
<!-- Generated by org.testng.reporters.JUnitXMLReporter -->
<testsuite hostname="Mohan-PC" ignored="0" name="Command line test" tests="9" failures="0" timestamp="19 Apr 2018 19:21:14 GMT" time="274.069" errors="0">
  <testcase name="checkRememberMe on null(com.selenium.maven.com.selenium.AppTest)" time="19.065" classname="com.selenium.maven.com.selenium.AppTest"/>
  <testcase name="createAccountT10 on null(com.selenium.maven.com.selenium.AppTest)" time="37.825" classname="com.selenium.maven.com.selenium.AppTest"/>
  <testcase name="createNewViewT11 on null(com.selenium.maven.com.selenium.AppTest)" time="33.271" classname="com.selenium.maven.com.selenium.AppTest"/>
  <testcase name="loginToSDFC on null(com.selenium.maven.com.selenium.AppTest)" time="16.632" classname="com.selenium.maven.com.selenium.AppTest"/>
  <testcase name="logoutUsermenuT09 on null(com.selenium.maven.com.selenium.AppTest)" time="31.17" classname="com.selenium.maven.com.selenium.AppTest"/>
  <testcase name="navigateToSDFC on null(com.selenium.maven.com.selenium.AppTest)" time="44.472" classname="com.selenium.maven.com.selenium.AppTest"/>
  <testcase name="testCase6 on null(com.selenium.maven.com.selenium.AppTest)" time="60.541" classname="com.selenium.maven.com.selenium.AppTest"/>
  <testcase name="userMenuDropDown on null(com.selenium.maven.com.selenium.AppTest)" time="18.613" classname="com.selenium.maven.com.selenium.AppTest"/>
  <testcase name="validateLoginErrorMessage on null(com.selenium.maven.com.selenium.AppTest)" time="12.445" classname="com.selenium.maven.com.selenium.AppTest"/>
</testsuite> <!-- Command line test -->
