<?xml version="1.0" encoding="UTF-8"?>
<testng-results skipped="0" failed="0" ignored="0" total="9" passed="9">
  <reporter-output>
  </reporter-output>
  <suite name="com.selenium.maven.com.selenium.AppTest" duration-ms="274069" started-at="2018-04-19T19:16:40Z" finished-at="2018-04-19T19:21:14Z">
    <groups>
    </groups>
    <test name="Command line test" duration-ms="274069" started-at="2018-04-19T19:16:40Z" finished-at="2018-04-19T19:21:14Z">
      <class name="com.selenium.maven.com.selenium.AppTest">
        <test-method status="PASS" signature="checkRememberMe()[pri:0, instance:null(com.selenium.maven.com.selenium.AppTest)]" name="checkRememberMe" duration-ms="19065" started-at="2018-04-19T19:16:40Z" finished-at="2018-04-19T19:16:59Z">
          <reporter-output>
          </reporter-output>
        </test-method> <!-- checkRememberMe -->
        <test-method status="PASS" signature="createAccountT10()[pri:0, instance:null(com.selenium.maven.com.selenium.AppTest)]" name="createAccountT10" duration-ms="37825" started-at="2018-04-19T19:16:59Z" finished-at="2018-04-19T19:17:37Z">
          <reporter-output>
          </reporter-output>
        </test-method> <!-- createAccountT10 -->
        <test-method status="PASS" signature="createNewViewT11()[pri:0, instance:null(com.selenium.maven.com.selenium.AppTest)]" name="createNewViewT11" duration-ms="33271" started-at="2018-04-19T19:17:37Z" finished-at="2018-04-19T19:18:10Z">
          <reporter-output>
          </reporter-output>
        </test-method> <!-- createNewViewT11 -->
        <test-method status="PASS" signature="loginToSDFC()[pri:0, instance:null(com.selenium.maven.com.selenium.AppTest)]" name="loginToSDFC" duration-ms="16632" started-at="2018-04-19T19:18:10Z" finished-at="2018-04-19T19:18:27Z">
          <reporter-output>
          </reporter-output>
        </test-method> <!-- loginToSDFC -->
        <test-method status="PASS" signature="logoutUsermenuT09()[pri:0, instance:null(com.selenium.maven.com.selenium.AppTest)]" name="logoutUsermenuT09" duration-ms="31170" started-at="2018-04-19T19:18:27Z" finished-at="2018-04-19T19:18:58Z">
          <reporter-output>
          </reporter-output>
        </test-method> <!-- logoutUsermenuT09 -->
        <test-method status="PASS" signature="navigateToSDFC()[pri:0, instance:null(com.selenium.maven.com.selenium.AppTest)]" name="navigateToSDFC" duration-ms="44472" started-at="2018-04-19T19:18:58Z" finished-at="2018-04-19T19:19:42Z">
          <reporter-output>
          </reporter-output>
        </test-method> <!-- navigateToSDFC -->
        <test-method status="PASS" signature="testCase6()[pri:0, instance:null(com.selenium.maven.com.selenium.AppTest)]" name="testCase6" duration-ms="60541" started-at="2018-04-19T19:19:42Z" finished-at="2018-04-19T19:20:43Z">
          <reporter-output>
          </reporter-output>
        </test-method> <!-- testCase6 -->
        <test-method status="PASS" signature="userMenuDropDown()[pri:0, instance:null(com.selenium.maven.com.selenium.AppTest)]" name="userMenuDropDown" duration-ms="18613" started-at="2018-04-19T19:20:43Z" finished-at="2018-04-19T19:21:02Z">
          <reporter-output>
          </reporter-output>
        </test-method> <!-- userMenuDropDown -->
        <test-method status="PASS" signature="validateLoginErrorMessage()[pri:0, instance:null(com.selenium.maven.com.selenium.AppTest)]" name="validateLoginErrorMessage" duration-ms="12445" started-at="2018-04-19T19:21:02Z" finished-at="2018-04-19T19:21:14Z">
          <reporter-output>
          </reporter-output>
        </test-method> <!-- validateLoginErrorMessage -->
      </class> <!-- com.selenium.maven.com.selenium.AppTest -->
    </test> <!-- Command line test -->
  </suite> <!-- com.selenium.maven.com.selenium.AppTest -->
</testng-results>
